2019-12-14 12:29:21,235 ERROR: Exception on /index [GET] [in /Users/vish/Projects/flask_tutorial/microblog/env/lib/python3.7/site-packages/flask/app.py:1891]
Traceback (most recent call last):
  File "/Users/vish/Projects/flask_tutorial/microblog/env/lib/python3.7/site-packages/flask/app.py", line 2446, in wsgi_app
    response = self.full_dispatch_request()
  File "/Users/vish/Projects/flask_tutorial/microblog/env/lib/python3.7/site-packages/flask/app.py", line 1951, in full_dispatch_request
    rv = self.handle_user_exception(e)
  File "/Users/vish/Projects/flask_tutorial/microblog/env/lib/python3.7/site-packages/flask/app.py", line 1820, in handle_user_exception
    reraise(exc_type, exc_value, tb)
  File "/Users/vish/Projects/flask_tutorial/microblog/env/lib/python3.7/site-packages/flask/_compat.py", line 39, in reraise
    raise value
  File "/Users/vish/Projects/flask_tutorial/microblog/env/lib/python3.7/site-packages/flask/app.py", line 1949, in full_dispatch_request
    rv = self.dispatch_request()
  File "/Users/vish/Projects/flask_tutorial/microblog/env/lib/python3.7/site-packages/flask/app.py", line 1935, in dispatch_request
    return self.view_functions[rule.endpoint](**req.view_args)
  File "/Users/vish/Projects/flask_tutorial/microblog/env/lib/python3.7/site-packages/flask_login/utils.py", line 261, in decorated_view
    return func(*args, **kwargs)
  File "/Users/vish/Projects/flask_tutorial/microblog/app/routes.py", line 20, in index
    form = PostForm()
NameError: name 'PostForm' is not defined
2019-12-14 12:30:16,888 INFO: Microblog startup [in /Users/vish/Projects/flask_tutorial/microblog/app/__init__.py:44]
2019-12-14 12:31:05,239 INFO: Microblog startup [in /Users/vish/Projects/flask_tutorial/microblog/app/__init__.py:44]
2019-12-14 12:31:05,635 INFO: Microblog startup [in /Users/vish/Projects/flask_tutorial/microblog/app/__init__.py:44]
2019-12-14 12:39:45,872 INFO: Microblog startup [in /Users/vish/Projects/flask_tutorial/microblog/app/__init__.py:44]
2019-12-14 12:40:59,639 INFO: Microblog startup [in /Users/vish/Projects/flask_tutorial/microblog/app/__init__.py:44]
2019-12-14 12:42:38,822 INFO: Microblog startup [in /Users/vish/Projects/flask_tutorial/microblog/app/__init__.py:44]
2019-12-14 12:42:39,223 INFO: Microblog startup [in /Users/vish/Projects/flask_tutorial/microblog/app/__init__.py:44]
2019-12-14 13:02:26,889 INFO: Microblog startup [in /Users/vish/Projects/flask_tutorial/microblog/app/__init__.py:44]
2019-12-14 13:03:02,784 INFO: Microblog startup [in /Users/vish/Projects/flask_tutorial/microblog/app/__init__.py:44]
2019-12-14 13:03:03,128 INFO: Microblog startup [in /Users/vish/Projects/flask_tutorial/microblog/app/__init__.py:44]
2019-12-14 17:46:39,591 INFO: Microblog startup [in /Users/vish/Projects/flask-blog/app/__init__.py:46]
